commit 13731bdca66706656ca7cc020acc4ec382305b3a
Merge: f399c15 a5cd5b9
Author: anianianiani <231205132@ccmailg.meijo-u.ac.jp>
Date:   Mon May 25 14:09:40 2026 +0900

    Merge branch 'main' of https://github.com/231205132-collab/231205132_workshoop

commit f399c1516c9dbcb208b75495733e2f1dfddcc4d0
Author: anianianiani <231205132@ccmailg.meijo-u.ac.jp>
Date:   Mon May 25 14:08:39 2026 +0900

    change color

commit a5cd5b9c27e7e85c8a0ceae202a277969d43658e
Author: 231205132 <231205132@ccmailg.meijo-u.ac.jp>
Date:   Mon May 25 14:07:53 2026 +0900

    Update tetris.js

commit 2cbe8e574d4a85e12f3ed15525de26410f8b4457
Merge: a84d02d 65b082d
Author: anianianiani <231205132@ccmailg.meijo-u.ac.jp>
Date:   Mon May 25 14:06:58 2026 +0900

    Merge branch 'main' of https://github.com/231205132-collab/231205132_workshoop

commit a84d02d045a06b212690c794f5dfb7bfb1b59823
Author: anianianiani <231205132@ccmailg.meijo-u.ac.jp>
Date:   Mon May 25 14:06:47 2026 +0900

    Update tetris.js

commit 65b082d19c41ce322ab73d8bf2909a78500c2fd9
Author: 231205132 <231205132@ccmailg.meijo-u.ac.jp>
Date:   Mon May 25 14:06:21 2026 +0900

    色変え

commit b9d57fc64ba62768d776e5dc1498d88f9141d8da
Author: 231205132 <231205132@ccmailg.meijo-u.ac.jp>
Date:   Mon May 25 14:03:24 2026 +0900

    Update tetris.js

commit 261f62818a8e5246b6a3804d2ec51979f2f811e4
Author: anianianiani <231205132@ccmailg.meijo-u.ac.jp>
Date:   Mon May 25 13:59:33 2026 +0900

    Update tetris.js

commit 529c672edef2e7ceb776d6b8bcfb41ed1af09a4c
Author: anianianiani <231205132@ccmailg.meijo-u.ac.jp>
Date:   Mon May 25 13:51:54 2026 +0900

    Update tetris.js

commit 3a2b17a37de95a81ff4c4ca7db63f1b2e25daa9f
Author: anianianiani <231205132@ccmailg.meijo-u.ac.jp>
Date:   Mon May 25 13:42:46 2026 +0900

    Update tetris.js

commit 441f8cb24601e82481b717e218ed9e6c729a5a27
Author: anianianiani <231205132@ccmailg.meijo-u.ac.jp>
Date:   Mon May 25 13:32:06 2026 +0900

    add files
